[debug] [2021-03-22T08:46:04.557Z] ----------------------------------------------------------------------
[debug] [2021-03-22T08:46:04.559Z] Command:       /usr/local/Cellar/node/15.11.0/bin/node /usr/local/bin/firebase login
[debug] [2021-03-22T08:46:04.560Z] CLI Version:   9.6.1
[debug] [2021-03-22T08:46:04.560Z] Platform:      darwin
[debug] [2021-03-22T08:46:04.560Z] Node Version:  v15.11.0
[debug] [2021-03-22T08:46:04.561Z] Time:          Mon Mar 22 2021 17:46:04 GMT+0900 (대한민국 표준시)
[debug] [2021-03-22T08:46:04.561Z] ----------------------------------------------------------------------
[debug] [2021-03-22T08:46:04.561Z] 
[debug] [2021-03-22T08:46:04.564Z] >>> [apiv2][query] GET https://firebase-public.firebaseio.com/cli.json [none]
[info] i  Firebase optionally collects CLI usage and error reporting information to help improve our products. Data is collected in accordance with Google's privacy policy (https://policies.google.com/privacy) and is not used to identify you.
 
[debug] [2021-03-22T08:46:05.179Z] <<< [apiv2][status] GET https://firebase-public.firebaseio.com/cli.json 200
[debug] [2021-03-22T08:46:05.179Z] <<< [apiv2][body] GET https://firebase-public.firebaseio.com/cli.json {"cloudBuildErrorAfter":1594252800000,"cloudBuildWarnAfter":1590019200000,"defaultNode10After":1594252800000,"minVersion":"3.0.5","node8DeploysDisabledAfter":1613390400000,"node8RuntimeDisabledAfter":1615809600000,"node8WarnAfter":1600128000000}
[info] i  To change your data collection preference at any time, run `firebase logout` and log in again. 
[info] 
[info] Visit this URL on this device to log in:
[info] https://accounts.google.com/o/oauth2/auth?client_id=563584335869-fgrhgmd47bqnekij5i8b5pr03ho849e6.apps.googleusercontent.com&scope=email%20openid%20https%3A%2F%2Fwww.googleapis.com%2Fauth%2Fcloudplatformprojects.readonly%20https%3A%2F%2Fwww.googleapis.com%2Fauth%2Ffirebase%20https%3A%2F%2Fwww.googleapis.com%2Fauth%2Fcloud-platform&response_type=code&state=1032730056&redirect_uri=http%3A%2F%2Flocalhost%3A9005
[info] 
[info] Waiting for authentication...
[debug] [2021-03-22T08:59:06.007Z] ----------------------------------------------------------------------
[debug] [2021-03-22T08:59:06.009Z] Command:       /Users/pro/.nvm/versions/node/v10.15.3/bin/node /usr/local/bin/firebase login
[debug] [2021-03-22T08:59:06.010Z] CLI Version:   9.6.1
[debug] [2021-03-22T08:59:06.010Z] Platform:      darwin
[debug] [2021-03-22T08:59:06.010Z] Node Version:  v10.15.3
[debug] [2021-03-22T08:59:06.017Z] Time:          Mon Mar 22 2021 17:59:06 GMT+0900 (GMT+09:00)
[debug] [2021-03-22T08:59:06.018Z] ----------------------------------------------------------------------
[debug] [2021-03-22T08:59:06.018Z] 
[info] i  Firebase optionally collects CLI usage and error reporting information to help improve our products. Data is collected in accordance with Google's privacy policy (https://policies.google.com/privacy) and is not used to identify you.
 
[info] i  To change your data collection preference at any time, run `firebase logout` and log in again. 
[info] 
[info] Visit this URL on this device to log in:
[info] https://accounts.google.com/o/oauth2/auth?client_id=563584335869-fgrhgmd47bqnekij5i8b5pr03ho849e6.apps.googleusercontent.com&scope=email%20openid%20https%3A%2F%2Fwww.googleapis.com%2Fauth%2Fcloudplatformprojects.readonly%20https%3A%2F%2Fwww.googleapis.com%2Fauth%2Ffirebase%20https%3A%2F%2Fwww.googleapis.com%2Fauth%2Fcloud-platform&response_type=code&state=5635382&redirect_uri=http%3A%2F%2Flocalhost%3A9006
[info] 
[info] Waiting for authentication...
